0 info it worked if it ends with ok
1 verbose cli [ '/usr/local/bin/node',
1 verbose cli   '/usr/local/bin/npm',
1 verbose cli   'search',
1 verbose cli   'auth0-lock@9.1' ]
2 info using npm@3.9.5
3 info using node@v6.2.2
4 verbose config Skipping project config: /Users/abhis/.npmrc. (matches userconfig)
5 silly mapToRegistry name -/all
6 silly mapToRegistry using default registry
7 silly mapToRegistry registry https://registry.npmjs.org/
8 silly mapToRegistry data Result {
8 silly mapToRegistry   raw: '-/all',
8 silly mapToRegistry   scope: null,
8 silly mapToRegistry   name: null,
8 silly mapToRegistry   rawSpec: '-/all',
8 silly mapToRegistry   spec: '-/all',
8 silly mapToRegistry   type: 'local' }
9 silly mapToRegistry uri https://registry.npmjs.org/-/all
10 info updateIndex /Users/abhis/.npm/registry.npmjs.org/-/all/.cache.json
11 verbose correctMkdir /Users/abhis/.npm correctMkdir not in flight; initializing
12 verbose stack TypeError: Cannot read property '_updated' of undefined
12 verbose stack     at /usr/local/lib/node_modules/npm/lib/cache/update-index.js:61:26
12 verbose stack     at /usr/local/lib/node_modules/npm/node_modules/graceful-fs/polyfills.js:210:7
12 verbose stack     at FSReqWrap.oncomplete (fs.js:117:15)
13 verbose cwd /Users/abhis/work/auth0/meteor-auth0
14 error Darwin 16.1.0
15 error argv "/usr/local/bin/node" "/usr/local/bin/npm" "search" "auth0-lock@9.1"
16 error node v6.2.2
17 error npm  v3.9.5
18 error Cannot read property '_updated' of undefined
19 error If you need help, you may report this error at:
19 error     <https://github.com/npm/npm/issues>
20 verbose exit [ 1, true ]
